2025-11-22 18:52:23,554 - __main__ - INFO - Создана директория для файлов: files
2025-11-22 18:52:23,555 - __main__ - INFO - Создана директория для тикетов: tickets
2025-11-22 18:52:35,270 - __main__ - INFO - Успешное подключение к базе данных SQLite
2025-11-22 18:52:35,295 - __main__ - INFO - Таблицы в базе данных успешно созданы или уже существуют
2025-11-22 18:52:35,295 - __main__ - WARNING - Файл admins.yml не найден, используются обязательные администраторы
2025-11-22 18:52:35,296 - __main__ - INFO - Бот запущен
2025-11-22 18:52:47,161 - __main__ - INFO - Пользователь 6664176084 (@fastingd0xing) запустил команду /start
2025-11-22 18:52:47,162 - __main__ - INFO - Проверка блокировки user_id 6664176084: Не заблокирован
2025-11-22 18:52:47,167 - __main__ - INFO - Зарегистрирован новый пользователь: user_id=6664176084, username=@fastingd0xing, role=Пользователь
2025-11-22 18:52:47,167 - __main__ - WARNING - Файл users.yml не найден, создается пустой
2025-11-22 18:52:47,168 - __main__ - INFO - Данные пользователей сохранены в users.yml
2025-11-22 18:52:47,439 - __main__ - INFO - Проверка подписки user_id 6664176084: Подписан
2025-11-22 18:52:47,440 - __main__ - INFO - Создано главное меню
2025-11-22 18:52:47,543 - __main__ - INFO - Пользователь 6664176084 успешно начал работу с ботом
2025-11-22 18:52:53,307 - __main__ - INFO - Пользователь 6664176084 (@fastingd0xing) запросил профиль
2025-11-22 18:52:53,308 - __main__ - INFO - Проверка блокировки user_id 6664176084: Не заблокирован
2025-11-22 18:52:53,324 - __main__ - INFO - Создано главное меню
2025-11-22 18:52:54,851 - __main__ - INFO - Пользователь 6664176084 (@fastingd0xing) запросил активацию ключа
2025-11-22 18:52:54,851 - __main__ - INFO - Проверка блокировки user_id 6664176084: Не заблокирован
2025-11-22 18:52:54,852 - __main__ - INFO - Создана кнопка отмены
2025-11-22 18:52:56,042 - __main__ - INFO - Пользователь 6664176084 (@fastingd0xing) отправил сообщение: Отменить ввод
2025-11-22 18:52:56,043 - __main__ - INFO - Проверка блокировки user_id 6664176084: Не заблокирован
2025-11-22 18:52:56,043 - __main__ - INFO - Создано главное меню
2025-11-22 18:52:57,853 - __main__ - INFO - Пользователь 6664176084 (@fastingd0xing) запросил историю активаций
2025-11-22 18:52:57,853 - __main__ - INFO - Проверка блокировки user_id 6664176084: Не заблокирован
2025-11-22 18:52:57,854 - __main__ - INFO - Создано главное меню
2025-11-22 18:52:59,734 - __main__ - INFO - Пользователь 6664176084 (@fastingd0xing) запросил отправку идеи
2025-11-22 18:52:59,735 - __main__ - INFO - Проверка блокировки user_id 6664176084: Не заблокирован
2025-11-22 18:52:59,736 - __main__ - INFO - Создана кнопка отмены
2025-11-22 18:53:01,170 - __main__ - INFO - Пользователь 6664176084 (@fastingd0xing) отправил сообщение: Отменить ввод
2025-11-22 18:53:01,173 - __main__ - INFO - Проверка блокировки user_id 6664176084: Не заблокирован
2025-11-22 18:53:01,173 - __main__ - INFO - Создано главное меню
2025-11-22 18:53:03,089 - __main__ - INFO - Пользователь 6664176084 (@fastingd0xing) запросил правила
2025-11-22 18:53:03,090 - __main__ - INFO - Проверка блокировки user_id 6664176084: Не заблокирован
2025-11-22 18:53:06,878 - __main__ - INFO - Пользователь 6664176084 (@fastingd0xing) отправил сообщение: Назад
2025-11-22 18:53:06,879 - __main__ - INFO - Проверка блокировки user_id 6664176084: Не заблокирован
2025-11-22 18:53:06,879 - __main__ - INFO - Создано главное меню
2025-11-22 18:53:09,600 - __main__ - INFO - Пользователь 6664176084 (@fastingd0xing) запросил команду /admin
2025-11-22 18:53:09,600 - __main__ - INFO - Проверка блокировки user_id 6664176084: Не заблокирован
2025-11-22 18:53:09,601 - __main__ - INFO - Проверка админ-прав для user_id 6664176084 (@fastingd0xing): Админ
2025-11-22 18:53:09,601 - __main__ - INFO - Создано меню админ-панели
2025-11-22 18:53:09,702 - __main__ - INFO - Пользователь 6664176084 вошел в админ-панель
2025-11-22 18:53:13,269 - __main__ - INFO - Админ 6664176084 (@fastingd0xing) запросил информацию
2025-11-22 18:53:13,269 - __main__ - INFO - Проверка блокировки user_id 6664176084: Не заблокирован
2025-11-22 18:53:13,271 - __main__ - INFO - Проверка админ-прав для user_id 6664176084 (@fastingd0xing): Админ
2025-11-22 18:53:13,277 - __main__ - INFO - Создано меню админ-панели
2025-11-22 18:53:42,036 - __main__ - INFO - Админ 6664176084 (@fastingd0xing) запросил добавление ключа
2025-11-22 18:53:42,037 - __main__ - INFO - Проверка блокировки user_id 6664176084: Не заблокирован
2025-11-22 18:53:42,037 - __main__ - INFO - Проверка админ-прав для user_id 6664176084 (@fastingd0xing): Админ
2025-11-22 18:53:42,037 - __main__ - INFO - Создана кнопка отмены
2025-11-22 18:54:05,321 - __main__ - INFO - Пользователь 6664176084 (@fastingd0xing) загрузил документ: AnyDesk.exe
2025-11-22 18:54:05,321 - __main__ - INFO - Проверка блокировки user_id 6664176084: Не заблокирован
2025-11-22 18:54:05,321 - __main__ - INFO - Проверка админ-прав для user_id 6664176084 (@fastingd0xing): Админ
2025-11-22 18:54:09,638 - __main__ - INFO - Файл сохранен: files\AnyDesk.exe
2025-11-22 18:54:09,638 - __main__ - INFO - Создана кнопка отмены
2025-11-22 18:54:13,061 - __main__ - INFO - Пользователь 6664176084 (@fastingd0xing) отправил сообщение: 1
2025-11-22 18:54:13,061 - __main__ - INFO - Проверка блокировки user_id 6664176084: Не заблокирован
2025-11-22 18:54:13,061 - __main__ - INFO - Сгенерирован ключ: NeoCore-TN82N-DEM1P-K3CZ3
2025-11-22 18:54:13,070 - __main__ - INFO - Создано меню админ-панели
2025-11-22 18:54:13,169 - __main__ - INFO - Админ 6664176084 создал 1 ключей для файла AnyDesk.exe
2025-11-22 18:54:18,994 - __main__ - INFO - Пользователь 6664176084 (@fastingd0xing) отправил сообщение: Отменить ввод
2025-11-22 18:54:18,994 - __main__ - INFO - Проверка блокировки user_id 6664176084: Не заблокирован
2025-11-22 18:54:18,994 - __main__ - INFO - Создано главное меню
2025-11-22 18:54:21,093 - __main__ - INFO - Пользователь 6664176084 (@fastingd0xing) запросил активацию ключа
2025-11-22 18:54:21,093 - __main__ - INFO - Проверка блокировки user_id 6664176084: Не заблокирован
2025-11-22 18:54:21,094 - __main__ - INFO - Создана кнопка отмены
2025-11-22 18:54:24,437 - __main__ - INFO - Пользователь 6664176084 (@fastingd0xing) отправил сообщение: NeoCore-TN82N-DEM1P-K3CZ3
2025-11-22 18:54:24,437 - __main__ - INFO - Проверка блокировки user_id 6664176084: Не заблокирован
2025-11-22 18:54:24,447 - __main__ - INFO - Загружены данные пользователей из users.yml: 1 записей
2025-11-22 18:54:24,448 - __main__ - INFO - Данные пользователей сохранены в users.yml
2025-11-22 18:54:25,592 - __main__ - INFO - Создано главное меню
2025-11-22 18:54:25,722 - __main__ - INFO - Пользователь 6664176084 активировал ключ: NeoCore-TN82N-DEM1P-K3CZ3 и получил файл: files\AnyDesk.exe
